  Wire.cpp
e:\projects\waves\waves\simnode.h(41): error C2143: syntax error: missing ';' before '*'
e:\projects\waves\waves\simnode.h(41): error C4430: missing type specifier - int assumed. Note: C++ does not support default-int
e:\projects\waves\waves\simnode.h(41): error C2238: unexpected token(s) preceding ';'
  TestSimGraphInterface.cpp
e:\projects\waves\waves\simwire.h(132): error C2143: syntax error: missing ';' before '*'
e:\projects\waves\waves\simwire.h(132): error C4430: missing type specifier - int assumed. Note: C++ does not support default-int
e:\projects\waves\waves\simwire.h(132): error C2238: unexpected token(s) preceding ';'
e:\projects\waves\waves\simnode.h(41): error C2143: syntax error: missing ';' before '*'
e:\projects\waves\waves\simnode.h(41): error C4430: missing type specifier - int assumed. Note: C++ does not support default-int
e:\projects\waves\waves\simnode.h(41): error C2238: unexpected token(s) preceding ';'
  TestCircuitGraph.cpp
e:\projects\waves\waves\simwire.h(132): error C2143: syntax error: missing ';' before '*'
e:\projects\waves\waves\simwire.h(132): error C4430: missing type specifier - int assumed. Note: C++ does not support default-int
e:\projects\waves\waves\simwire.h(132): error C2238: unexpected token(s) preceding ';'
e:\projects\waves\waves\simnode.h(41): error C2143: syntax error: missing ';' before '*'
e:\projects\waves\waves\simnode.h(41): error C4430: missing type specifier - int assumed. Note: C++ does not support default-int
e:\projects\waves\waves\simnode.h(41): error C2238: unexpected token(s) preceding ';'
  SimWire.cpp
e:\projects\waves\waves\simnode.h(41): error C2143: syntax error: missing ';' before '*'
e:\projects\waves\waves\simnode.h(41): error C4430: missing type specifier - int assumed. Note: C++ does not support default-int
e:\projects\waves\waves\simnode.h(41): error C2238: unexpected token(s) preceding ';'
  SimNode.cpp
e:\projects\waves\waves\simwire.h(132): error C2143: syntax error: missing ';' before '*'
e:\projects\waves\waves\simwire.h(132): error C4430: missing type specifier - int assumed. Note: C++ does not support default-int
e:\projects\waves\waves\simwire.h(132): error C2238: unexpected token(s) preceding ';'
  SimController.cpp
e:\projects\waves\waves\simnode.h(41): error C2143: syntax error: missing ';' before '*'
e:\projects\waves\waves\simnode.h(41): error C4430: missing type specifier - int assumed. Note: C++ does not support default-int
e:\projects\waves\waves\simnode.h(41): error C2238: unexpected token(s) preceding ';'
  Node.cpp
e:\projects\waves\waves\simwire.h(132): error C2143: syntax error: missing ';' before '*'
e:\projects\waves\waves\simwire.h(132): error C4430: missing type specifier - int assumed. Note: C++ does not support default-int
e:\projects\waves\waves\simwire.h(132): error C2238: unexpected token(s) preceding ';'
  HeatWave.cpp
e:\projects\waves\waves\simnode.h(41): error C2143: syntax error: missing ';' before '*'
e:\projects\waves\waves\simnode.h(41): error C4430: missing type specifier - int assumed. Note: C++ does not support default-int
e:\projects\waves\waves\simnode.h(41): error C2238: unexpected token(s) preceding ';'
  CircuitGraph.cpp
e:\projects\waves\waves\simwire.h(132): error C2143: syntax error: missing ';' before '*'
e:\projects\waves\waves\simwire.h(132): error C4430: missing type specifier - int assumed. Note: C++ does not support default-int
e:\projects\waves\waves\simwire.h(132): error C2238: unexpected token(s) preceding ';'
e:\projects\waves\waves\simnode.h(41): error C2143: syntax error: missing ';' before '*'
e:\projects\waves\waves\simnode.h(41): error C4430: missing type specifier - int assumed. Note: C++ does not support default-int
e:\projects\waves\waves\simnode.h(41): error C2238: unexpected token(s) preceding ';'
  Circuit.cpp
e:\projects\waves\waves\simnode.h(41): error C2143: syntax error: missing ';' before '*'
e:\projects\waves\waves\simnode.h(41): error C4430: missing type specifier - int assumed. Note: C++ does not support default-int
e:\projects\waves\waves\simnode.h(41): error C2238: unexpected token(s) preceding ';'
  Generating Code...
